0 info it worked if it ends with ok
1 verbose cli [ 'C:\\Program Files\\nodejs\\node.exe',
1 verbose cli   'C:\\Users\\Cipic\\AppData\\Roaming\\npm\\node_modules\\npm\\bin\\npm-cli.js',
1 verbose cli   'run',
1 verbose cli   'testAll' ]
2 info using npm@4.0.5
3 info using node@v6.9.2
4 verbose run-script [ 'pretestAll', 'testAll', 'posttestAll' ]
5 info lifecycle Kalulu@2.0.0~pretestAll: Kalulu@2.0.0
6 silly lifecycle Kalulu@2.0.0~pretestAll: no script for pretestAll, continuing
7 info lifecycle Kalulu@2.0.0~testAll: Kalulu@2.0.0
8 verbose lifecycle Kalulu@2.0.0~testAll: unsafe-perm in lifecycle true
9 verbose lifecycle Kalulu@2.0.0~testAll: PATH: C:\Users\Cipic\AppData\Roaming\npm\node_modules\npm\bin\node-gyp-bin;F:\Cipic\Mes documents\pro\Kalulu\node_modules\.bin;C:\Program Files (x86)\Intel\iCLS Client\;C:\Program Files\Intel\iCLS Client\;C:\ProgramData\Oracle\Java\javapath;C:\Windows\system32;C:\Windows;C:\Windows\System32\Wbem;C:\Windows\System32\WindowsPowerShell\v1.0\;C:\Program Files\TortoiseSVN\bin;F:\wamp\bin\php\php5.5.12;C:\Program Files\Intel\Intel(R) Management Engine Components\DAL;C:\Program Files (x86)\Intel\Intel(R) Management Engine Components\DAL;C:\Program Files\Intel\Intel(R) Management Engine Components\IPT;C:\Program Files (x86)\Intel\Intel(R) Management Engine Components\IPT;C:\Program Files\Intel\WiFi\bin\;C:\Program Files\Common Files\Intel\WirelessCommon\;C:\HaxeToolkit\haxe\;C:\HaxeToolkit\neko;C:\Program Files (x86)\NVIDIA Corporation\PhysX\Common;C:\HaxeToolkit\haxe\;C:\HaxeToolkit\neko;C:\WINDOWS\system32;C:\WINDOWS;C:\WINDOWS\System32\Wbem;C:\WINDOWS\System32\WindowsPowerShell\v1.0\;C:\Program Files (x86)\GtkSharp\2.12\bin;C:\Program Files (x86)\Skype\Phone\;F:\Program Files\TortoiseGit\bin;C:\Program Files\nodejs\;C:\Users\Cipic\AppData\Local\ComposerSetup\bin;C:\Users\Cipic\AppData\Local\Microsoft\WindowsApps;C:\Users\Cipic\AppData\Roaming\npm
10 verbose lifecycle Kalulu@2.0.0~testAll: CWD: F:\Cipic\Mes documents\pro\Kalulu
11 silly lifecycle Kalulu@2.0.0~testAll: Args: [ '/d /s /c', 'node npm_scripts/test_all.js' ]
12 verbose stack Error: kill ENOSYS
12 verbose stack     at exports._errnoException (util.js:1022:11)
12 verbose stack     at process.kill (internal/process.js:172:13)
12 verbose stack     at process.listener (C:\Users\Cipic\AppData\Roaming\npm\node_modules\npm\node_modules\npmlog\node_modules\gauge\node_modules\signal-exit\index.js:86:15)
12 verbose stack     at emitNone (events.js:91:20)
12 verbose stack     at process.emit (events.js:185:7)
12 verbose stack     at processEmit (C:\Users\Cipic\AppData\Roaming\npm\node_modules\npm\node_modules\npmlog\node_modules\gauge\node_modules\signal-exit\index.js:146:32)
12 verbose stack     at processEmit (C:\Users\Cipic\AppData\Roaming\npm\node_modules\npm\node_modules\npm-registry-client\node_modules\npmlog\node_modules\gauge\node_modules\signal-exit\index.js:146:32)
12 verbose stack     at Signal.wrap.onsignal (internal/process.js:199:44)
13 verbose cwd F:\Cipic\Mes documents\pro\Kalulu
14 error Windows_NT 10.0.14393
15 error argv "C:\\Program Files\\nodejs\\node.exe" "C:\\Users\\Cipic\\AppData\\Roaming\\npm\\node_modules\\npm\\bin\\npm-cli.js" "run" "testAll"
16 error node v6.9.2
17 error npm  v4.0.5
18 error code ENOSYS
19 error errno ENOSYS
20 error syscall kill
21 error kill ENOSYS
22 error If you need help, you may report this error at:
22 error     <https://github.com/npm/npm/issues>
23 verbose exit [ 1, true ]
